# JRE version: OpenJDK Runtime Environment Microsoft-8035246 (17.0.8+7) (build 17.0.8+7-LTS)
# Java VM: OpenJDK 64-Bit Server VM Microsoft-8035246 (17.0.8+7-LTS, mixed mode, sharing, tiered, compressed oops, compressed class ptrs, g1 gc, windows-amd64)
GC Precious Log:
 CPUs: 8 total, 8 available
 Memory: 8036M
 Large Page Support: Disabled
 NUMA Support: Disabled
 Compressed Oops: Enabled (32-bit)
 Heap Region Size: 1M
 Heap Min Capacity: 8M
 Heap Initial Capacity: 126M
 Heap Max Capacity: 2G
 Pre-touch: Disabled
 Parallel Workers: 8
 Concurrent Workers: 2
 Concurrent Refinement Workers: 8
 Periodic GC: Disabled
Heap:
 garbage-first heap   total 139264K, used 85129K [0x0000000080000000, 0x0000000100000000)
  region size 1024K, 6 young (6144K), 2 survivors (2048K)
 Metaspace       used 82979K, committed 83776K, reserved 557056K
  class space    used 11644K, committed 11968K, reserved 425984K
GC Heap History (20 events):
Event: 16.138 GC heap before
{Heap before GC invocations=13 (full 0):
 garbage-first heap   total 81920K, used 65705K [0x0000000080000000, 0x0000000100000000)
  region size 1024K, 34 young (34816K), 4 survivors (4096K)
 Metaspace       used 45110K, committed 45632K, reserved 491520K
  class space    used 6341K, committed 6592K, reserved 425984K
}
Event: 16.143 GC heap after
{Heap after GC invocations=14 (full 0):
 garbage-first heap   total 81920K, used 37399K [0x0000000080000000, 0x0000000100000000)
  region size 1024K, 5 young (5120K), 5 survivors (5120K)
 Metaspace       used 45110K, committed 45632K, reserved 491520K
  class space    used 6341K, committed 6592K, reserved 425984K
}
Event: 16.798 GC heap before
{Heap before GC invocations=14 (full 0):
 garbage-first heap   total 81920K, used 65047K [0x0000000080000000, 0x0000000100000000)
  region size 1024K, 32 young (32768K), 5 survivors (5120K)
 Metaspace       used 51646K, committed 52224K, reserved 491520K
  class space    used 7132K, committed 7360K, reserved 425984K
}
Event: 16.805 GC heap after
{Heap after GC invocations=15 (full 0):
 garbage-first heap   total 81920K, used 43151K [0x0000000080000000, 0x0000000100000000)
  region size 1024K, 4 young (4096K), 4 survivors (4096K)
 Metaspace       used 51646K, committed 52224K, reserved 491520K
  class space    used 7132K, committed 7360K, reserved 425984K
}
Event: 17.331 GC heap before
{Heap before GC invocations=15 (full 0):
 garbage-first heap   total 81920K, used 63631K [0x0000000080000000, 0x0000000100000000)
  region size 1024K, 24 young (24576K), 4 survivors (4096K)
 Metaspace       used 54119K, committed 54720K, reserved 491520K
  class space    used 7498K, committed 7744K, reserved 425984K
}
Event: 17.337 GC heap after
{Heap after GC invocations=16 (full 0):
 garbage-first heap   total 139264K, used 44467K [0x0000000080000000, 0x0000000100000000)
  region size 1024K, 2 young (2048K), 2 survivors (2048K)
 Metaspace       used 54119K, committed 54720K, reserved 491520K
  class space    used 7498K, committed 7744K, reserved 425984K
}
Event: 18.944 GC heap before
{Heap before GC invocations=17 (full 0):
 garbage-first heap   total 139264K, used 119219K [0x0000000080000000, 0x0000000100000000)
  region size 1024K, 63 young (64512K), 2 survivors (2048K)
 Metaspace       used 59736K, committed 60416K, reserved 491520K
  class space    used 8283K, committed 8576K, reserved 425984K
}
Event: 18.948 GC heap after
{Heap after GC invocations=18 (full 0):
 garbage-first heap   total 139264K, used 61821K [0x0000000080000000, 0x0000000100000000)
  region size 1024K, 7 young (7168K), 7 survivors (7168K)
 Metaspace       used 59736K, committed 60416K, reserved 491520K
  class space    used 8283K, committed 8576K, reserved 425984K
}
Event: 19.664 GC heap before
{Heap before GC invocations=18 (full 0):
 garbage-first heap   total 139264K, used 109949K [0x0000000080000000, 0x0000000100000000)
  region size 1024K, 54 young (55296K), 7 survivors (7168K)
 Metaspace       used 64699K, committed 65408K, reserved 491520K
  class space    used 8984K, committed 9280K, reserved 425984K
}
Event: 19.669 GC heap after
{Heap after GC invocations=19 (full 0):
 garbage-first heap   total 139264K, used 64196K [0x0000000080000000, 0x0000000100000000)
  region size 1024K, 3 young (3072K), 3 survivors (3072K)
 Metaspace       used 64699K, committed 65408K, reserved 491520K
  class space    used 8984K, committed 9280K, reserved 425984K
}
Event: 20.382 GC heap before
{Heap before GC invocations=19 (full 0):
 garbage-first heap   total 139264K, used 111300K [0x0000000080000000, 0x0000000100000000)
  region size 1024K, 49 young (50176K), 3 survivors (3072K)
 Metaspace       used 68148K, committed 68800K, reserved 491520K
  class space    used 9492K, committed 9792K, reserved 425984K
}
Event: 20.387 GC heap after
{Heap after GC invocations=20 (full 0):
 garbage-first heap   total 139264K, used 65484K [0x0000000080000000, 0x0000000100000000)
  region size 1024K, 4 young (4096K), 4 survivors (4096K)
 Metaspace       used 68148K, committed 68800K, reserved 491520K
  class space    used 9492K, committed 9792K, reserved 425984K
}
Event: 21.718 GC heap before
{Heap before GC invocations=20 (full 0):
 garbage-first heap   total 139264K, used 111564K [0x0000000080000000, 0x0000000100000000)
  region size 1024K, 50 young (51200K), 4 survivors (4096K)
 Metaspace       used 71167K, committed 71872K, reserved 491520K
  class space    used 9908K, committed 10176K, reserved 425984K
}
Event: 21.725 GC heap after
{Heap after GC invocations=21 (full 0):
 garbage-first heap   total 139264K, used 68562K [0x0000000080000000, 0x0000000100000000)
  region size 1024K, 5 young (5120K), 5 survivors (5120K)
 Metaspace       used 71167K, committed 71872K, reserved 491520K
  class space    used 9908K, committed 10176K, reserved 425984K
}
Event: 23.318 GC heap before
{Heap before GC invocations=21 (full 0):
 garbage-first heap   total 139264K, used 113618K [0x0000000080000000, 0x0000000100000000)
  region size 1024K, 49 young (50176K), 5 survivors (5120K)
 Metaspace       used 73785K, committed 74496K, reserved 491520K
  class space    used 10281K, committed 10624K, reserved 425984K
}
Event: 23.352 GC heap after
{Heap after GC invocations=22 (full 0):
 garbage-first heap   total 139264K, used 72842K [0x0000000080000000, 0x0000000100000000)
  region size 1024K, 7 young (7168K), 7 survivors (7168K)
 Metaspace       used 73785K, committed 74496K, reserved 491520K
  class space    used 10281K, committed 10624K, reserved 425984K
}
Event: 24.541 GC heap before
{Heap before GC invocations=23 (full 0):
 garbage-first heap   total 139264K, used 112778K [0x0000000080000000, 0x0000000100000000)
  region size 1024K, 47 young (48128K), 7 survivors (7168K)
 Metaspace       used 76599K, committed 77312K, reserved 557056K
  class space    used 10756K, committed 11072K, reserved 425984K
}
Event: 24.552 GC heap after
{Heap after GC invocations=24 (full 0):
 garbage-first heap   total 139264K, used 76364K [0x0000000080000000, 0x0000000100000000)
  region size 1024K, 4 young (4096K), 4 survivors (4096K)
 Metaspace       used 76599K, committed 77312K, reserved 557056K
  class space    used 10756K, committed 11072K, reserved 425984K
}
Event: 53.957 GC heap before
{Heap before GC invocations=24 (full 0):
 garbage-first heap   total 139264K, used 114252K [0x0000000080000000, 0x0000000100000000)
  region size 1024K, 42 young (43008K), 4 survivors (4096K)
 Metaspace       used 80081K, committed 80896K, reserved 557056K
  class space    used 11166K, committed 11520K, reserved 425984K
}
Event: 54.089 GC heap after
{Heap after GC invocations=25 (full 0):
 garbage-first heap   total 139264K, used 79037K [0x0000000080000000, 0x0000000100000000)
  region size 1024K, 4 young (4096K), 4 survivors (4096K)
 Metaspace       used 80081K, committed 80896K, reserved 557056K
  class space    used 11166K, committed 11520K, reserved 425984K
}

